<?xml version="1.0" encoding="UTF-8"?>
<testng-results ignored="0" total="1" passed="1" failed="0" skipped="0">
  <reporter-output>
  </reporter-output>
  <suite started-at="2024-11-29T19:46:51 EST" name="Surefire suite" finished-at="2024-11-29T19:46:54 EST" duration-ms="2174">
    <groups>
    </groups>
    <test started-at="2024-11-29T19:46:51 EST" name="Surefire test" finished-at="2024-11-29T19:46:54 EST" duration-ms="2174">
      <class name="com.example.api.ApiTest">
        <test-method signature="testGetRequest()[pri:0, instance:com.example.api.ApiTest@4461c7e3]" started-at="2024-11-29T19:46:51 EST" name="testGetRequest" finished-at="2024-11-29T19:46:54 EST" duration-ms="2147" status="PASS">
          <reporter-output>
          </reporter-output>
        </test-method> <!-- testGetRequest -->
      </class> <!-- com.example.api.ApiTest -->
    </test> <!-- Surefire test -->
  </suite> <!-- Surefire suite -->
</testng-results>
