<?xml version="1.0" encoding="UTF-8"?>
<!-- Generated by org.testng.reporters.JUnitXMLReporter -->
<testsuite ignored="0" hostname="Echayante_Pennu" failures="0" tests="8" name="Default test" time="3.564" errors="0" timestamp="2024-11-30T23:05:56 EST">
  <testcase classname="com.example.api.EnhancedApiTest" name="testContentType" time="1.716"/>
  <testcase classname="com.example.api.EnhancedApiTest" name="testDeleteRequest" time="0.201"/>
  <testcase classname="com.example.api.EnhancedApiTest" name="testGetNonExistentResource" time="0.206"/>
  <testcase classname="com.example.api.EnhancedApiTest" name="testGetRequest" time="0.144"/>
  <testcase classname="com.example.api.EnhancedApiTest" name="testJsonStructure" time="0.39"/>
  <testcase classname="com.example.api.EnhancedApiTest" name="testPostRequest" time="0.178"/>
  <testcase classname="com.example.api.EnhancedApiTest" name="testPutRequest" time="0.181"/>
  <testcase classname="com.example.api.EnhancedApiTest" name="testResponseTime" time="0.516"/>
</testsuite> <!-- Default test -->
