<?xml version="1.0" encoding="UTF-8"?>
<testng-results ignored="0" total="8" passed="8" failed="0" skipped="0">
  <reporter-output>
  </reporter-output>
  <suite started-at="2024-11-30T23:05:53 EST" name="Default suite" finished-at="2024-11-30T23:05:56 EST" duration-ms="3564">
    <groups>
    </groups>
    <test started-at="2024-11-30T23:05:53 EST" name="Default test" finished-at="2024-11-30T23:05:56 EST" duration-ms="3564">
      <class name="com.example.api.EnhancedApiTest">
        <test-method signature="testContentType()[pri:0, instance:com.example.api.EnhancedApiTest@2b91004a]" started-at="2024-11-30T23:05:53 EST" name="testContentType" finished-at="2024-11-30T23:05:55 EST" duration-ms="1716" status="PASS">
          <reporter-output>
          </reporter-output>
        </test-method> <!-- testContentType -->
        <test-method signature="testDeleteRequest()[pri:0, instance:com.example.api.EnhancedApiTest@2b91004a]" started-at="2024-11-30T23:05:55 EST" name="testDeleteRequest" finished-at="2024-11-30T23:05:55 EST" duration-ms="201" status="PASS">
          <reporter-output>
          </reporter-output>
        </test-method> <!-- testDeleteRequest -->
        <test-method signature="testGetNonExistentResource()[pri:0, instance:com.example.api.EnhancedApiTest@2b91004a]" started-at="2024-11-30T23:05:55 EST" name="testGetNonExistentResource" finished-at="2024-11-30T23:05:55 EST" duration-ms="206" status="PASS">
          <reporter-output>
          </reporter-output>
        </test-method> <!-- testGetNonExistentResource -->
        <test-method signature="testGetRequest()[pri:0, instance:com.example.api.EnhancedApiTest@2b91004a]" started-at="2024-11-30T23:05:55 EST" name="testGetRequest" finished-at="2024-11-30T23:05:55 EST" duration-ms="144" status="PASS">
          <reporter-output>
          </reporter-output>
        </test-method> <!-- testGetRequest -->
        <test-method signature="testJsonStructure()[pri:0, instance:com.example.api.EnhancedApiTest@2b91004a]" started-at="2024-11-30T23:05:55 EST" name="testJsonStructure" finished-at="2024-11-30T23:05:56 EST" duration-ms="390" status="PASS">
          <reporter-output>
          </reporter-output>
        </test-method> <!-- testJsonStructure -->
        <test-method signature="testPostRequest()[pri:0, instance:com.example.api.EnhancedApiTest@2b91004a]" started-at="2024-11-30T23:05:56 EST" name="testPostRequest" finished-at="2024-11-30T23:05:56 EST" duration-ms="178" status="PASS">
          <reporter-output>
          </reporter-output>
        </test-method> <!-- testPostRequest -->
        <test-method signature="testPutRequest()[pri:0, instance:com.example.api.EnhancedApiTest@2b91004a]" started-at="2024-11-30T23:05:56 EST" name="testPutRequest" finished-at="2024-11-30T23:05:56 EST" duration-ms="181" status="PASS">
          <reporter-output>
          </reporter-output>
        </test-method> <!-- testPutRequest -->
        <test-method signature="testResponseTime()[pri:0, instance:com.example.api.EnhancedApiTest@2b91004a]" started-at="2024-11-30T23:05:56 EST" name="testResponseTime" finished-at="2024-11-30T23:05:56 EST" duration-ms="516" status="PASS">
          <reporter-output>
          </reporter-output>
        </test-method> <!-- testResponseTime -->
      </class> <!-- com.example.api.EnhancedApiTest -->
    </test> <!-- Default test -->
  </suite> <!-- Default suite -->
</testng-results>
